Created by PLY version 3.11 (http://www.dabeaz.com/ply)

Grammar

Rule 0     S' -> calc
Rule 1     calc -> assignment SEMICOLON
Rule 2     calc -> assignment SEMICOLON calc
Rule 3     calc -> declaration SEMICOLON
Rule 4     calc -> declaration SEMICOLON calc
Rule 5     calc -> variable_update SEMICOLON
Rule 6     calc -> variable_update SEMICOLON calc
Rule 7     calc -> printstatement SEMICOLON
Rule 8     calc -> printstatement SEMICOLON calc
Rule 9     var -> NAME
Rule 10    declaration -> DOUBLE_TYPE NAME
Rule 11    declaration -> INT_TYPE NAME
Rule 12    declaration -> STRING_TYPE NAME
Rule 13    declaration -> CHARACTER_TYPE NAME
Rule 14    declaration -> BOOL_TYPE NAME
Rule 15    declaration -> empty
Rule 16    assignment -> DOUBLE_TYPE NAME ASSIGNMENT double_expression
Rule 17    assignment -> INT_TYPE NAME ASSIGNMENT int_expression
Rule 18    assignment -> STRING_TYPE NAME ASSIGNMENT string_expression
Rule 19    assignment -> CHARACTER_TYPE NAME ASSIGNMENT CHAR
Rule 20    assignment -> BOOL_TYPE NAME ASSIGNMENT BOOL
Rule 21    assignment -> empty
Rule 22    variable_update -> NAME ASSIGNMENT double_expression
Rule 23    variable_update -> NAME ASSIGNMENT int_expression
Rule 24    variable_update -> NAME ASSIGNMENT string_expression
Rule 25    variable_update -> NAME ASSIGNMENT CHAR
Rule 26    variable_update -> NAME ASSIGNMENT BOOL
Rule 27    printstatement -> PRINT LB expression RB
Rule 28    expression -> var
Rule 29    expression -> INT
Rule 30    expression -> DOUBLE
Rule 31    expression -> BOOL
Rule 32    expression -> CHAR
Rule 33    expression -> STRING
Rule 34    expression -> double_expression
Rule 35    expression -> int_expression
Rule 36    expression -> string_expression
Rule 37    expression -> expression COMMA expression
Rule 38    double_expression -> double_expression PLUS double_expression
Rule 39    double_expression -> double_expression MINUS double_expression
Rule 40    double_expression -> double_expression MULTIPLY double_expression
Rule 41    double_expression -> double_expression DIVIDE double_expression
Rule 42    double_expression -> DOUBLE
Rule 43    double_expression -> var
Rule 44    int_expression -> int_expression PLUS int_expression
Rule 45    int_expression -> int_expression MINUS int_expression
Rule 46    int_expression -> int_expression MULTIPLY int_expression
Rule 47    int_expression -> int_expression DIVIDE int_expression
Rule 48    int_expression -> INT
Rule 49    int_expression -> var
Rule 50    string_expression -> string_expression PLUS string_expression
Rule 51    string_expression -> STRING
Rule 52    string_expression -> var
Rule 53    empty -> <empty>

Terminals, with rules where they appear

ASSIGNMENT           : 16 17 18 19 20 22 23 24 25 26
BOOL                 : 20 26 31
BOOL_TYPE            : 14 20
CHAR                 : 19 25 32
CHARACTER_TYPE       : 13 19
COMMA                : 37
DIVIDE               : 41 47
DOUBLE               : 30 42
DOUBLE_TYPE          : 10 16
INT                  : 29 48
INT_TYPE             : 11 17
LB                   : 27
MINUS                : 39 45
MULTIPLY             : 40 46
NAME                 : 9 10 11 12 13 14 16 17 18 19 20 22 23 24 25 26
PLUS                 : 38 44 50
PRINT                : 27
RB                   : 27
SEMICOLON            : 1 2 3 4 5 6 7 8
STRING               : 33 51
STRING_TYPE          : 12 18
error                : 

Nonterminals, with rules where they appear

assignment           : 1 2
calc                 : 2 4 6 8 0
declaration          : 3 4
double_expression    : 16 22 34 38 38 39 39 40 40 41 41
empty                : 15 21
expression           : 27 37 37
int_expression       : 17 23 35 44 44 45 45 46 46 47 47
printstatement       : 7 8
string_expression    : 18 24 36 50 50
var                  : 28 43 49 52
variable_update      : 5 6

Parsing method: LALR

state 0

    (0) S' -> . calc
    (1) calc -> . assignment SEMICOLON
    (2) calc -> . assignment SEMICOLON calc
    (3) calc -> . declaration SEMICOLON
    (4) calc -> . declaration SEMICOLON calc
    (5) calc -> . variable_update SEMICOLON
    (6) calc -> . variable_update SEMICOLON calc
    (7) calc -> . printstatement SEMICOLON
    (8) calc -> . printstatement SEMICOLON calc
    (16) assignment -> . DOUBLE_TYPE NAME ASSIGNMENT double_expression
    (17) assignment -> . INT_TYPE NAME ASSIGNMENT int_expression
    (18) assignment -> . STRING_TYPE NAME ASSIGNMENT string_expression
    (19) assignment -> . CHARACTER_TYPE NAME ASSIGNMENT CHAR
    (20) assignment -> . BOOL_TYPE NAME ASSIGNMENT BOOL
    (21) assignment -> . empty
    (10) declaration -> . DOUBLE_TYPE NAME
    (11) declaration -> . INT_TYPE NAME
    (12) declaration -> . STRING_TYPE NAME
    (13) declaration -> . CHARACTER_TYPE NAME
    (14) declaration -> . BOOL_TYPE NAME
    (15) declaration -> . empty
    (22) variable_update -> . NAME ASSIGNMENT double_expression
    (23) variable_update -> . NAME ASSIGNMENT int_expression
    (24) variable_update -> . NAME ASSIGNMENT string_expression
    (25) variable_update -> . NAME ASSIGNMENT CHAR
    (26) variable_update -> . NAME ASSIGNMENT BOOL
    (27) printstatement -> . PRINT LB expression RB
    (53) empty -> .

    DOUBLE_TYPE     shift and go to state 6
    INT_TYPE        shift and go to state 8
    STRING_TYPE     shift and go to state 9
    CHARACTER_TYPE  shift and go to state 10
    BOOL_TYPE       shift and go to state 11
    NAME            shift and go to state 7
    PRINT           shift and go to state 13
    SEMICOLON       reduce using rule 53 (empty -> .)

    calc                           shift and go to state 1
    assignment                     shift and go to state 2
    declaration                    shift and go to state 3
    variable_update                shift and go to state 4
    printstatement                 shift and go to state 5
    empty                          shift and go to state 12

state 1

    (0) S' -> calc .



state 2

    (1) calc -> assignment . SEMICOLON
    (2) calc -> assignment . SEMICOLON calc

    SEMICOLON       shift and go to state 14


state 3

    (3) calc -> declaration . SEMICOLON
    (4) calc -> declaration . SEMICOLON calc

    SEMICOLON       shift and go to state 15


state 4

    (5) calc -> variable_update . SEMICOLON
    (6) calc -> variable_update . SEMICOLON calc

    SEMICOLON       shift and go to state 16


state 5

    (7) calc -> printstatement . SEMICOLON
    (8) calc -> printstatement . SEMICOLON calc

    SEMICOLON       shift and go to state 17


state 6

    (16) assignment -> DOUBLE_TYPE . NAME ASSIGNMENT double_expression
    (10) declaration -> DOUBLE_TYPE . NAME

    NAME            shift and go to state 18


state 7

    (22) variable_update -> NAME . ASSIGNMENT double_expression
    (23) variable_update -> NAME . ASSIGNMENT int_expression
    (24) variable_update -> NAME . ASSIGNMENT string_expression
    (25) variable_update -> NAME . ASSIGNMENT CHAR
    (26) variable_update -> NAME . ASSIGNMENT BOOL

    ASSIGNMENT      shift and go to state 19


state 8

    (17) assignment -> INT_TYPE . NAME ASSIGNMENT int_expression
    (11) declaration -> INT_TYPE . NAME

    NAME            shift and go to state 20


state 9

    (18) assignment -> STRING_TYPE . NAME ASSIGNMENT string_expression
    (12) declaration -> STRING_TYPE . NAME

    NAME            shift and go to state 21


state 10

    (19) assignment -> CHARACTER_TYPE . NAME ASSIGNMENT CHAR
    (13) declaration -> CHARACTER_TYPE . NAME

    NAME            shift and go to state 22


state 11

    (20) assignment -> BOOL_TYPE . NAME ASSIGNMENT BOOL
    (14) declaration -> BOOL_TYPE . NAME

    NAME            shift and go to state 23


state 12

    (21) assignment -> empty .
    (15) declaration -> empty .

  ! reduce/reduce conflict for SEMICOLON resolved using rule 15 (declaration -> empty .)
    SEMICOLON       reduce using rule 15 (declaration -> empty .)

  ! SEMICOLON       [ reduce using rule 21 (assignment -> empty .) ]


state 13

    (27) printstatement -> PRINT . LB expression RB

    LB              shift and go to state 24


state 14

    (1) calc -> assignment SEMICOLON .
    (2) calc -> assignment SEMICOLON . calc
    (1) calc -> . assignment SEMICOLON
    (2) calc -> . assignment SEMICOLON calc
    (3) calc -> . declaration SEMICOLON
    (4) calc -> . declaration SEMICOLON calc
    (5) calc -> . variable_update SEMICOLON
    (6) calc -> . variable_update SEMICOLON calc
    (7) calc -> . printstatement SEMICOLON
    (8) calc -> . printstatement SEMICOLON calc
    (16) assignment -> . DOUBLE_TYPE NAME ASSIGNMENT double_expression
    (17) assignment -> . INT_TYPE NAME ASSIGNMENT int_expression
    (18) assignment -> . STRING_TYPE NAME ASSIGNMENT string_expression
    (19) assignment -> . CHARACTER_TYPE NAME ASSIGNMENT CHAR
    (20) assignment -> . BOOL_TYPE NAME ASSIGNMENT BOOL
    (21) assignment -> . empty
    (10) declaration -> . DOUBLE_TYPE NAME
    (11) declaration -> . INT_TYPE NAME
    (12) declaration -> . STRING_TYPE NAME
    (13) declaration -> . CHARACTER_TYPE NAME
    (14) declaration -> . BOOL_TYPE NAME
    (15) declaration -> . empty
    (22) variable_update -> . NAME ASSIGNMENT double_expression
    (23) variable_update -> . NAME ASSIGNMENT int_expression
    (24) variable_update -> . NAME ASSIGNMENT string_expression
    (25) variable_update -> . NAME ASSIGNMENT CHAR
    (26) variable_update -> . NAME ASSIGNMENT BOOL
    (27) printstatement -> . PRINT LB expression RB
    (53) empty -> .

    $end            reduce using rule 1 (calc -> assignment SEMICOLON .)
    DOUBLE_TYPE     shift and go to state 6
    INT_TYPE        shift and go to state 8
    STRING_TYPE     shift and go to state 9
    CHARACTER_TYPE  shift and go to state 10
    BOOL_TYPE       shift and go to state 11
    NAME            shift and go to state 7
    PRINT           shift and go to state 13
    SEMICOLON       reduce using rule 53 (empty -> .)

    assignment                     shift and go to state 2
    calc                           shift and go to state 25
    declaration                    shift and go to state 3
    variable_update                shift and go to state 4
    printstatement                 shift and go to state 5
    empty                          shift and go to state 12

state 15

    (3) calc -> declaration SEMICOLON .
    (4) calc -> declaration SEMICOLON . calc
    (1) calc -> . assignment SEMICOLON
    (2) calc -> . assignment SEMICOLON calc
    (3) calc -> . declaration SEMICOLON
    (4) calc -> . declaration SEMICOLON calc
    (5) calc -> . variable_update SEMICOLON
    (6) calc -> . variable_update SEMICOLON calc
    (7) calc -> . printstatement SEMICOLON
    (8) calc -> . printstatement SEMICOLON calc
    (16) assignment -> . DOUBLE_TYPE NAME ASSIGNMENT double_expression
    (17) assignment -> . INT_TYPE NAME ASSIGNMENT int_expression
    (18) assignment -> . STRING_TYPE NAME ASSIGNMENT string_expression
    (19) assignment -> . CHARACTER_TYPE NAME ASSIGNMENT CHAR
    (20) assignment -> . BOOL_TYPE NAME ASSIGNMENT BOOL
    (21) assignment -> . empty
    (10) declaration -> . DOUBLE_TYPE NAME
    (11) declaration -> . INT_TYPE NAME
    (12) declaration -> . STRING_TYPE NAME
    (13) declaration -> . CHARACTER_TYPE NAME
    (14) declaration -> . BOOL_TYPE NAME
    (15) declaration -> . empty
    (22) variable_update -> . NAME ASSIGNMENT double_expression
    (23) variable_update -> . NAME ASSIGNMENT int_expression
    (24) variable_update -> . NAME ASSIGNMENT string_expression
    (25) variable_update -> . NAME ASSIGNMENT CHAR
    (26) variable_update -> . NAME ASSIGNMENT BOOL
    (27) printstatement -> . PRINT LB expression RB
    (53) empty -> .

    $end            reduce using rule 3 (calc -> declaration SEMICOLON .)
    DOUBLE_TYPE     shift and go to state 6
    INT_TYPE        shift and go to state 8
    STRING_TYPE     shift and go to state 9
    CHARACTER_TYPE  shift and go to state 10
    BOOL_TYPE       shift and go to state 11
    NAME            shift and go to state 7
    PRINT           shift and go to state 13
    SEMICOLON       reduce using rule 53 (empty -> .)

    declaration                    shift and go to state 3
    calc                           shift and go to state 26
    assignment                     shift and go to state 2
    variable_update                shift and go to state 4
    printstatement                 shift and go to state 5
    empty                          shift and go to state 12

state 16

    (5) calc -> variable_update SEMICOLON .
    (6) calc -> variable_update SEMICOLON . calc
    (1) calc -> . assignment SEMICOLON
    (2) calc -> . assignment SEMICOLON calc
    (3) calc -> . declaration SEMICOLON
    (4) calc -> . declaration SEMICOLON calc
    (5) calc -> . variable_update SEMICOLON
    (6) calc -> . variable_update SEMICOLON calc
    (7) calc -> . printstatement SEMICOLON
    (8) calc -> . printstatement SEMICOLON calc
    (16) assignment -> . DOUBLE_TYPE NAME ASSIGNMENT double_expression
    (17) assignment -> . INT_TYPE NAME ASSIGNMENT int_expression
    (18) assignment -> . STRING_TYPE NAME ASSIGNMENT string_expression
    (19) assignment -> . CHARACTER_TYPE NAME ASSIGNMENT CHAR
    (20) assignment -> . BOOL_TYPE NAME ASSIGNMENT BOOL
    (21) assignment -> . empty
    (10) declaration -> . DOUBLE_TYPE NAME
    (11) declaration -> . INT_TYPE NAME
    (12) declaration -> . STRING_TYPE NAME
    (13) declaration -> . CHARACTER_TYPE NAME
    (14) declaration -> . BOOL_TYPE NAME
    (15) declaration -> . empty
    (22) variable_update -> . NAME ASSIGNMENT double_expression
    (23) variable_update -> . NAME ASSIGNMENT int_expression
    (24) variable_update -> . NAME ASSIGNMENT string_expression
    (25) variable_update -> . NAME ASSIGNMENT CHAR
    (26) variable_update -> . NAME ASSIGNMENT BOOL
    (27) printstatement -> . PRINT LB expression RB
    (53) empty -> .

    $end            reduce using rule 5 (calc -> variable_update SEMICOLON .)
    DOUBLE_TYPE     shift and go to state 6
    INT_TYPE        shift and go to state 8
    STRING_TYPE     shift and go to state 9
    CHARACTER_TYPE  shift and go to state 10
    BOOL_TYPE       shift and go to state 11
    NAME            shift and go to state 7
    PRINT           shift and go to state 13
    SEMICOLON       reduce using rule 53 (empty -> .)

    variable_update                shift and go to state 4
    calc                           shift and go to state 27
    assignment                     shift and go to state 2
    declaration                    shift and go to state 3
    printstatement                 shift and go to state 5
    empty                          shift and go to state 12

state 17

    (7) calc -> printstatement SEMICOLON .
    (8) calc -> printstatement SEMICOLON . calc
    (1) calc -> . assignment SEMICOLON
    (2) calc -> . assignment SEMICOLON calc
    (3) calc -> . declaration SEMICOLON
    (4) calc -> . declaration SEMICOLON calc
    (5) calc -> . variable_update SEMICOLON
    (6) calc -> . variable_update SEMICOLON calc
    (7) calc -> . printstatement SEMICOLON
    (8) calc -> . printstatement SEMICOLON calc
    (16) assignment -> . DOUBLE_TYPE NAME ASSIGNMENT double_expression
    (17) assignment -> . INT_TYPE NAME ASSIGNMENT int_expression
    (18) assignment -> . STRING_TYPE NAME ASSIGNMENT string_expression
    (19) assignment -> . CHARACTER_TYPE NAME ASSIGNMENT CHAR
    (20) assignment -> . BOOL_TYPE NAME ASSIGNMENT BOOL
    (21) assignment -> . empty
    (10) declaration -> . DOUBLE_TYPE NAME
    (11) declaration -> . INT_TYPE NAME
    (12) declaration -> . STRING_TYPE NAME
    (13) declaration -> . CHARACTER_TYPE NAME
    (14) declaration -> . BOOL_TYPE NAME
    (15) declaration -> . empty
    (22) variable_update -> . NAME ASSIGNMENT double_expression
    (23) variable_update -> . NAME ASSIGNMENT int_expression
    (24) variable_update -> . NAME ASSIGNMENT string_expression
    (25) variable_update -> . NAME ASSIGNMENT CHAR
    (26) variable_update -> . NAME ASSIGNMENT BOOL
    (27) printstatement -> . PRINT LB expression RB
    (53) empty -> .

    $end            reduce using rule 7 (calc -> printstatement SEMICOLON .)
    DOUBLE_TYPE     shift and go to state 6
    INT_TYPE        shift and go to state 8
    STRING_TYPE     shift and go to state 9
    CHARACTER_TYPE  shift and go to state 10
    BOOL_TYPE       shift and go to state 11
    NAME            shift and go to state 7
    PRINT           shift and go to state 13
    SEMICOLON       reduce using rule 53 (empty -> .)

    printstatement                 shift and go to state 5
    calc                           shift and go to state 28
    assignment                     shift and go to state 2
    declaration                    shift and go to state 3
    variable_update                shift and go to state 4
    empty                          shift and go to state 12

state 18

    (16) assignment -> DOUBLE_TYPE NAME . ASSIGNMENT double_expression
    (10) declaration -> DOUBLE_TYPE NAME .

    ASSIGNMENT      shift and go to state 29
    SEMICOLON       reduce using rule 10 (declaration -> DOUBLE_TYPE NAME .)


state 19

    (22) variable_update -> NAME ASSIGNMENT . double_expression
    (23) variable_update -> NAME ASSIGNMENT . int_expression
    (24) variable_update -> NAME ASSIGNMENT . string_expression
    (25) variable_update -> NAME ASSIGNMENT . CHAR
    (26) variable_update -> NAME ASSIGNMENT . BOOL
    (38) double_expression -> . double_expression PLUS double_expression
    (39) double_expression -> . double_expression MINUS double_expression
    (40) double_expression -> . double_expression MULTIPLY double_expression
    (41) double_expression -> . double_expression DIVIDE double_expression
    (42) double_expression -> . DOUBLE
    (43) double_expression -> . var
    (44) int_expression -> . int_expression PLUS int_expression
    (45) int_expression -> . int_expression MINUS int_expression
    (46) int_expression -> . int_expression MULTIPLY int_expression
    (47) int_expression -> . int_expression DIVIDE int_expression
    (48) int_expression -> . INT
    (49) int_expression -> . var
    (50) string_expression -> . string_expression PLUS string_expression
    (51) string_expression -> . STRING
    (52) string_expression -> . var
    (9) var -> . NAME

    CHAR            shift and go to state 34
    BOOL            shift and go to state 35
    DOUBLE          shift and go to state 36
    INT             shift and go to state 38
    STRING          shift and go to state 39
    NAME            shift and go to state 30

    double_expression              shift and go to state 31
    int_expression                 shift and go to state 32
    string_expression              shift and go to state 33
    var                            shift and go to state 37

state 20

    (17) assignment -> INT_TYPE NAME . ASSIGNMENT int_expression
    (11) declaration -> INT_TYPE NAME .

    ASSIGNMENT      shift and go to state 40
    SEMICOLON       reduce using rule 11 (declaration -> INT_TYPE NAME .)


state 21

    (18) assignment -> STRING_TYPE NAME . ASSIGNMENT string_expression
    (12) declaration -> STRING_TYPE NAME .

    ASSIGNMENT      shift and go to state 41
    SEMICOLON       reduce using rule 12 (declaration -> STRING_TYPE NAME .)


state 22

    (19) assignment -> CHARACTER_TYPE NAME . ASSIGNMENT CHAR
    (13) declaration -> CHARACTER_TYPE NAME .

    ASSIGNMENT      shift and go to state 42
    SEMICOLON       reduce using rule 13 (declaration -> CHARACTER_TYPE NAME .)


state 23

    (20) assignment -> BOOL_TYPE NAME . ASSIGNMENT BOOL
    (14) declaration -> BOOL_TYPE NAME .

    ASSIGNMENT      shift and go to state 43
    SEMICOLON       reduce using rule 14 (declaration -> BOOL_TYPE NAME .)


state 24

    (27) printstatement -> PRINT LB . expression RB
    (28) expression -> . var
    (29) expression -> . INT
    (30) expression -> . DOUBLE
    (31) expression -> . BOOL
    (32) expression -> . CHAR
    (33) expression -> . STRING
    (34) expression -> . double_expression
    (35) expression -> . int_expression
    (36) expression -> . string_expression
    (37) expression -> . expression COMMA expression
    (9) var -> . NAME
    (38) double_expression -> . double_expression PLUS double_expression
    (39) double_expression -> . double_expression MINUS double_expression
    (40) double_expression -> . double_expression MULTIPLY double_expression
    (41) double_expression -> . double_expression DIVIDE double_expression
    (42) double_expression -> . DOUBLE
    (43) double_expression -> . var
    (44) int_expression -> . int_expression PLUS int_expression
    (45) int_expression -> . int_expression MINUS int_expression
    (46) int_expression -> . int_expression MULTIPLY int_expression
    (47) int_expression -> . int_expression DIVIDE int_expression
    (48) int_expression -> . INT
    (49) int_expression -> . var
    (50) string_expression -> . string_expression PLUS string_expression
    (51) string_expression -> . STRING
    (52) string_expression -> . var

    INT             shift and go to state 46
    DOUBLE          shift and go to state 47
    BOOL            shift and go to state 48
    CHAR            shift and go to state 49
    STRING          shift and go to state 50
    NAME            shift and go to state 30

    expression                     shift and go to state 44
    var                            shift and go to state 45
    double_expression              shift and go to state 51
    int_expression                 shift and go to state 52
    string_expression              shift and go to state 53

state 25

    (2) calc -> assignment SEMICOLON calc .

    $end            reduce using rule 2 (calc -> assignment SEMICOLON calc .)


state 26

    (4) calc -> declaration SEMICOLON calc .

    $end            reduce using rule 4 (calc -> declaration SEMICOLON calc .)


state 27

    (6) calc -> variable_update SEMICOLON calc .

    $end            reduce using rule 6 (calc -> variable_update SEMICOLON calc .)


state 28

    (8) calc -> printstatement SEMICOLON calc .

    $end            reduce using rule 8 (calc -> printstatement SEMICOLON calc .)


state 29

    (16) assignment -> DOUBLE_TYPE NAME ASSIGNMENT . double_expression
    (38) double_expression -> . double_expression PLUS double_expression
    (39) double_expression -> . double_expression MINUS double_expression
    (40) double_expression -> . double_expression MULTIPLY double_expression
    (41) double_expression -> . double_expression DIVIDE double_expression
    (42) double_expression -> . DOUBLE
    (43) double_expression -> . var
    (9) var -> . NAME

    DOUBLE          shift and go to state 36
    NAME            shift and go to state 30

    double_expression              shift and go to state 54
    var                            shift and go to state 55

state 30

    (9) var -> NAME .

    PLUS            reduce using rule 9 (var -> NAME .)
    MINUS           reduce using rule 9 (var -> NAME .)
    MULTIPLY        reduce using rule 9 (var -> NAME .)
    DIVIDE          reduce using rule 9 (var -> NAME .)
    SEMICOLON       reduce using rule 9 (var -> NAME .)
    RB              reduce using rule 9 (var -> NAME .)
    COMMA           reduce using rule 9 (var -> NAME .)


state 31

    (22) variable_update -> NAME ASSIGNMENT double_expression .
    (38) double_expression -> double_expression . PLUS double_expression
    (39) double_expression -> double_expression . MINUS double_expression
    (40) double_expression -> double_expression . MULTIPLY double_expression
    (41) double_expression -> double_expression . DIVIDE double_expression

    SEMICOLON       reduce using rule 22 (variable_update -> NAME ASSIGNMENT double_expression .)
    PLUS            shift and go to state 56
    MINUS           shift and go to state 57
    MULTIPLY        shift and go to state 58
    DIVIDE          shift and go to state 59


state 32

    (23) variable_update -> NAME ASSIGNMENT int_expression .
    (44) int_expression -> int_expression . PLUS int_expression
    (45) int_expression -> int_expression . MINUS int_expression
    (46) int_expression -> int_expression . MULTIPLY int_expression
    (47) int_expression -> int_expression . DIVIDE int_expression

    SEMICOLON       reduce using rule 23 (variable_update -> NAME ASSIGNMENT int_expression .)
    PLUS            shift and go to state 60
    MINUS           shift and go to state 61
    MULTIPLY        shift and go to state 62
    DIVIDE          shift and go to state 63


state 33

    (24) variable_update -> NAME ASSIGNMENT string_expression .
    (50) string_expression -> string_expression . PLUS string_expression

    SEMICOLON       reduce using rule 24 (variable_update -> NAME ASSIGNMENT string_expression .)
    PLUS            shift and go to state 64


state 34

    (25) variable_update -> NAME ASSIGNMENT CHAR .

    SEMICOLON       reduce using rule 25 (variable_update -> NAME ASSIGNMENT CHAR .)


state 35

    (26) variable_update -> NAME ASSIGNMENT BOOL .

    SEMICOLON       reduce using rule 26 (variable_update -> NAME ASSIGNMENT BOOL .)


state 36

    (42) double_expression -> DOUBLE .

    PLUS            reduce using rule 42 (double_expression -> DOUBLE .)
    MINUS           reduce using rule 42 (double_expression -> DOUBLE .)
    MULTIPLY        reduce using rule 42 (double_expression -> DOUBLE .)
    DIVIDE          reduce using rule 42 (double_expression -> DOUBLE .)
    SEMICOLON       reduce using rule 42 (double_expression -> DOUBLE .)
    RB              reduce using rule 42 (double_expression -> DOUBLE .)
    COMMA           reduce using rule 42 (double_expression -> DOUBLE .)


state 37

    (43) double_expression -> var .
    (49) int_expression -> var .
    (52) string_expression -> var .

  ! reduce/reduce conflict for PLUS resolved using rule 43 (double_expression -> var .)
  ! reduce/reduce conflict for MINUS resolved using rule 43 (double_expression -> var .)
  ! reduce/reduce conflict for MULTIPLY resolved using rule 43 (double_expression -> var .)
  ! reduce/reduce conflict for DIVIDE resolved using rule 43 (double_expression -> var .)
  ! reduce/reduce conflict for SEMICOLON resolved using rule 43 (double_expression -> var .)
  ! reduce/reduce conflict for PLUS resolved using rule 43 (double_expression -> var .)
  ! reduce/reduce conflict for SEMICOLON resolved using rule 43 (double_expression -> var .)
    PLUS            reduce using rule 43 (double_expression -> var .)
    MINUS           reduce using rule 43 (double_expression -> var .)
    MULTIPLY        reduce using rule 43 (double_expression -> var .)
    DIVIDE          reduce using rule 43 (double_expression -> var .)
    SEMICOLON       reduce using rule 43 (double_expression -> var .)

  ! PLUS            [ reduce using rule 49 (int_expression -> var .) ]
  ! MINUS           [ reduce using rule 49 (int_expression -> var .) ]
  ! MULTIPLY        [ reduce using rule 49 (int_expression -> var .) ]
  ! DIVIDE          [ reduce using rule 49 (int_expression -> var .) ]
  ! SEMICOLON       [ reduce using rule 49 (int_expression -> var .) ]
  ! PLUS            [ reduce using rule 52 (string_expression -> var .) ]
  ! SEMICOLON       [ reduce using rule 52 (string_expression -> var .) ]


state 38

    (48) int_expression -> INT .

    PLUS            reduce using rule 48 (int_expression -> INT .)
    MINUS           reduce using rule 48 (int_expression -> INT .)
    MULTIPLY        reduce using rule 48 (int_expression -> INT .)
    DIVIDE          reduce using rule 48 (int_expression -> INT .)
    SEMICOLON       reduce using rule 48 (int_expression -> INT .)
    RB              reduce using rule 48 (int_expression -> INT .)
    COMMA           reduce using rule 48 (int_expression -> INT .)


state 39

    (51) string_expression -> STRING .

    PLUS            reduce using rule 51 (string_expression -> STRING .)
    SEMICOLON       reduce using rule 51 (string_expression -> STRING .)
    RB              reduce using rule 51 (string_expression -> STRING .)
    COMMA           reduce using rule 51 (string_expression -> STRING .)


state 40

    (17) assignment -> INT_TYPE NAME ASSIGNMENT . int_expression
    (44) int_expression -> . int_expression PLUS int_expression
    (45) int_expression -> . int_expression MINUS int_expression
    (46) int_expression -> . int_expression MULTIPLY int_expression
    (47) int_expression -> . int_expression DIVIDE int_expression
    (48) int_expression -> . INT
    (49) int_expression -> . var
    (9) var -> . NAME

    INT             shift and go to state 38
    NAME            shift and go to state 30

    int_expression                 shift and go to state 65
    var                            shift and go to state 66

state 41

    (18) assignment -> STRING_TYPE NAME ASSIGNMENT . string_expression
    (50) string_expression -> . string_expression PLUS string_expression
    (51) string_expression -> . STRING
    (52) string_expression -> . var
    (9) var -> . NAME

    STRING          shift and go to state 39
    NAME            shift and go to state 30

    string_expression              shift and go to state 67
    var                            shift and go to state 68

state 42

    (19) assignment -> CHARACTER_TYPE NAME ASSIGNMENT . CHAR

    CHAR            shift and go to state 69


state 43

    (20) assignment -> BOOL_TYPE NAME ASSIGNMENT . BOOL

    BOOL            shift and go to state 70


state 44

    (27) printstatement -> PRINT LB expression . RB
    (37) expression -> expression . COMMA expression

    RB              shift and go to state 71
    COMMA           shift and go to state 72


state 45

    (28) expression -> var .
    (43) double_expression -> var .
    (49) int_expression -> var .
    (52) string_expression -> var .

  ! reduce/reduce conflict for RB resolved using rule 28 (expression -> var .)
  ! reduce/reduce conflict for COMMA resolved using rule 28 (expression -> var .)
  ! reduce/reduce conflict for PLUS resolved using rule 43 (double_expression -> var .)
  ! reduce/reduce conflict for MINUS resolved using rule 43 (double_expression -> var .)
  ! reduce/reduce conflict for MULTIPLY resolved using rule 43 (double_expression -> var .)
  ! reduce/reduce conflict for DIVIDE resolved using rule 43 (double_expression -> var .)
  ! reduce/reduce conflict for RB resolved using rule 28 (expression -> var .)
  ! reduce/reduce conflict for COMMA resolved using rule 28 (expression -> var .)
  ! reduce/reduce conflict for PLUS resolved using rule 43 (double_expression -> var .)
  ! reduce/reduce conflict for RB resolved using rule 28 (expression -> var .)
  ! reduce/reduce conflict for COMMA resolved using rule 28 (expression -> var .)
    RB              reduce using rule 28 (expression -> var .)
    COMMA           reduce using rule 28 (expression -> var .)
    PLUS            reduce using rule 43 (double_expression -> var .)
    MINUS           reduce using rule 43 (double_expression -> var .)
    MULTIPLY        reduce using rule 43 (double_expression -> var .)
    DIVIDE          reduce using rule 43 (double_expression -> var .)

  ! RB              [ reduce using rule 43 (double_expression -> var .) ]
  ! COMMA           [ reduce using rule 43 (double_expression -> var .) ]
  ! PLUS            [ reduce using rule 49 (int_expression -> var .) ]
  ! MINUS           [ reduce using rule 49 (int_expression -> var .) ]
  ! MULTIPLY        [ reduce using rule 49 (int_expression -> var .) ]
  ! DIVIDE          [ reduce using rule 49 (int_expression -> var .) ]
  ! RB              [ reduce using rule 49 (int_expression -> var .) ]
  ! COMMA           [ reduce using rule 49 (int_expression -> var .) ]
  ! PLUS            [ reduce using rule 52 (string_expression -> var .) ]
  ! RB              [ reduce using rule 52 (string_expression -> var .) ]
  ! COMMA           [ reduce using rule 52 (string_expression -> var .) ]


state 46

    (29) expression -> INT .
    (48) int_expression -> INT .

  ! reduce/reduce conflict for RB resolved using rule 29 (expression -> INT .)
  ! reduce/reduce conflict for COMMA resolved using rule 29 (expression -> INT .)
    RB              reduce using rule 29 (expression -> INT .)
    COMMA           reduce using rule 29 (expression -> INT .)
    PLUS            reduce using rule 48 (int_expression -> INT .)
    MINUS           reduce using rule 48 (int_expression -> INT .)
    MULTIPLY        reduce using rule 48 (int_expression -> INT .)
    DIVIDE          reduce using rule 48 (int_expression -> INT .)

  ! RB              [ reduce using rule 48 (int_expression -> INT .) ]
  ! COMMA           [ reduce using rule 48 (int_expression -> INT .) ]


state 47

    (30) expression -> DOUBLE .
    (42) double_expression -> DOUBLE .

  ! reduce/reduce conflict for RB resolved using rule 30 (expression -> DOUBLE .)
  ! reduce/reduce conflict for COMMA resolved using rule 30 (expression -> DOUBLE .)
    RB              reduce using rule 30 (expression -> DOUBLE .)
    COMMA           reduce using rule 30 (expression -> DOUBLE .)
    PLUS            reduce using rule 42 (double_expression -> DOUBLE .)
    MINUS           reduce using rule 42 (double_expression -> DOUBLE .)
    MULTIPLY        reduce using rule 42 (double_expression -> DOUBLE .)
    DIVIDE          reduce using rule 42 (double_expression -> DOUBLE .)

  ! RB              [ reduce using rule 42 (double_expression -> DOUBLE .) ]
  ! COMMA           [ reduce using rule 42 (double_expression -> DOUBLE .) ]


state 48

    (31) expression -> BOOL .

    RB              reduce using rule 31 (expression -> BOOL .)
    COMMA           reduce using rule 31 (expression -> BOOL .)


state 49

    (32) expression -> CHAR .

    RB              reduce using rule 32 (expression -> CHAR .)
    COMMA           reduce using rule 32 (expression -> CHAR .)


state 50

    (33) expression -> STRING .
    (51) string_expression -> STRING .

  ! reduce/reduce conflict for RB resolved using rule 33 (expression -> STRING .)
  ! reduce/reduce conflict for COMMA resolved using rule 33 (expression -> STRING .)
    RB              reduce using rule 33 (expression -> STRING .)
    COMMA           reduce using rule 33 (expression -> STRING .)
    PLUS            reduce using rule 51 (string_expression -> STRING .)

  ! RB              [ reduce using rule 51 (string_expression -> STRING .) ]
  ! COMMA           [ reduce using rule 51 (string_expression -> STRING .) ]


state 51

    (34) expression -> double_expression .
    (38) double_expression -> double_expression . PLUS double_expression
    (39) double_expression -> double_expression . MINUS double_expression
    (40) double_expression -> double_expression . MULTIPLY double_expression
    (41) double_expression -> double_expression . DIVIDE double_expression

    RB              reduce using rule 34 (expression -> double_expression .)
    COMMA           reduce using rule 34 (expression -> double_expression .)
    PLUS            shift and go to state 56
    MINUS           shift and go to state 57
    MULTIPLY        shift and go to state 58
    DIVIDE          shift and go to state 59


state 52

    (35) expression -> int_expression .
    (44) int_expression -> int_expression . PLUS int_expression
    (45) int_expression -> int_expression . MINUS int_expression
    (46) int_expression -> int_expression . MULTIPLY int_expression
    (47) int_expression -> int_expression . DIVIDE int_expression

    RB              reduce using rule 35 (expression -> int_expression .)
    COMMA           reduce using rule 35 (expression -> int_expression .)
    PLUS            shift and go to state 60
    MINUS           shift and go to state 61
    MULTIPLY        shift and go to state 62
    DIVIDE          shift and go to state 63


state 53

    (36) expression -> string_expression .
    (50) string_expression -> string_expression . PLUS string_expression

    RB              reduce using rule 36 (expression -> string_expression .)
    COMMA           reduce using rule 36 (expression -> string_expression .)
    PLUS            shift and go to state 64


state 54

    (16) assignment -> DOUBLE_TYPE NAME ASSIGNMENT double_expression .
    (38) double_expression -> double_expression . PLUS double_expression
    (39) double_expression -> double_expression . MINUS double_expression
    (40) double_expression -> double_expression . MULTIPLY double_expression
    (41) double_expression -> double_expression . DIVIDE double_expression

    SEMICOLON       reduce using rule 16 (assignment -> DOUBLE_TYPE NAME ASSIGNMENT double_expression .)
    PLUS            shift and go to state 56
    MINUS           shift and go to state 57
    MULTIPLY        shift and go to state 58
    DIVIDE          shift and go to state 59


state 55

    (43) double_expression -> var .

    PLUS            reduce using rule 43 (double_expression -> var .)
    MINUS           reduce using rule 43 (double_expression -> var .)
    MULTIPLY        reduce using rule 43 (double_expression -> var .)
    DIVIDE          reduce using rule 43 (double_expression -> var .)
    SEMICOLON       reduce using rule 43 (double_expression -> var .)
    RB              reduce using rule 43 (double_expression -> var .)
    COMMA           reduce using rule 43 (double_expression -> var .)


state 56

    (38) double_expression -> double_expression PLUS . double_expression
    (38) double_expression -> . double_expression PLUS double_expression
    (39) double_expression -> . double_expression MINUS double_expression
    (40) double_expression -> . double_expression MULTIPLY double_expression
    (41) double_expression -> . double_expression DIVIDE double_expression
    (42) double_expression -> . DOUBLE
    (43) double_expression -> . var
    (9) var -> . NAME

    DOUBLE          shift and go to state 36
    NAME            shift and go to state 30

    double_expression              shift and go to state 73
    var                            shift and go to state 55

state 57

    (39) double_expression -> double_expression MINUS . double_expression
    (38) double_expression -> . double_expression PLUS double_expression
    (39) double_expression -> . double_expression MINUS double_expression
    (40) double_expression -> . double_expression MULTIPLY double_expression
    (41) double_expression -> . double_expression DIVIDE double_expression
    (42) double_expression -> . DOUBLE
    (43) double_expression -> . var
    (9) var -> . NAME

    DOUBLE          shift and go to state 36
    NAME            shift and go to state 30

    double_expression              shift and go to state 74
    var                            shift and go to state 55

state 58

    (40) double_expression -> double_expression MULTIPLY . double_expression
    (38) double_expression -> . double_expression PLUS double_expression
    (39) double_expression -> . double_expression MINUS double_expression
    (40) double_expression -> . double_expression MULTIPLY double_expression
    (41) double_expression -> . double_expression DIVIDE double_expression
    (42) double_expression -> . DOUBLE
    (43) double_expression -> . var
    (9) var -> . NAME

    DOUBLE          shift and go to state 36
    NAME            shift and go to state 30

    double_expression              shift and go to state 75
    var                            shift and go to state 55

state 59

    (41) double_expression -> double_expression DIVIDE . double_expression
    (38) double_expression -> . double_expression PLUS double_expression
    (39) double_expression -> . double_expression MINUS double_expression
    (40) double_expression -> . double_expression MULTIPLY double_expression
    (41) double_expression -> . double_expression DIVIDE double_expression
    (42) double_expression -> . DOUBLE
    (43) double_expression -> . var
    (9) var -> . NAME

    DOUBLE          shift and go to state 36
    NAME            shift and go to state 30

    double_expression              shift and go to state 76
    var                            shift and go to state 55

state 60

    (44) int_expression -> int_expression PLUS . int_expression
    (44) int_expression -> . int_expression PLUS int_expression
    (45) int_expression -> . int_expression MINUS int_expression
    (46) int_expression -> . int_expression MULTIPLY int_expression
    (47) int_expression -> . int_expression DIVIDE int_expression
    (48) int_expression -> . INT
    (49) int_expression -> . var
    (9) var -> . NAME

    INT             shift and go to state 38
    NAME            shift and go to state 30

    int_expression                 shift and go to state 77
    var                            shift and go to state 66

state 61

    (45) int_expression -> int_expression MINUS . int_expression
    (44) int_expression -> . int_expression PLUS int_expression
    (45) int_expression -> . int_expression MINUS int_expression
    (46) int_expression -> . int_expression MULTIPLY int_expression
    (47) int_expression -> . int_expression DIVIDE int_expression
    (48) int_expression -> . INT
    (49) int_expression -> . var
    (9) var -> . NAME

    INT             shift and go to state 38
    NAME            shift and go to state 30

    int_expression                 shift and go to state 78
    var                            shift and go to state 66

state 62

    (46) int_expression -> int_expression MULTIPLY . int_expression
    (44) int_expression -> . int_expression PLUS int_expression
    (45) int_expression -> . int_expression MINUS int_expression
    (46) int_expression -> . int_expression MULTIPLY int_expression
    (47) int_expression -> . int_expression DIVIDE int_expression
    (48) int_expression -> . INT
    (49) int_expression -> . var
    (9) var -> . NAME

    INT             shift and go to state 38
    NAME            shift and go to state 30

    int_expression                 shift and go to state 79
    var                            shift and go to state 66

state 63

    (47) int_expression -> int_expression DIVIDE . int_expression
    (44) int_expression -> . int_expression PLUS int_expression
    (45) int_expression -> . int_expression MINUS int_expression
    (46) int_expression -> . int_expression MULTIPLY int_expression
    (47) int_expression -> . int_expression DIVIDE int_expression
    (48) int_expression -> . INT
    (49) int_expression -> . var
    (9) var -> . NAME

    INT             shift and go to state 38
    NAME            shift and go to state 30

    int_expression                 shift and go to state 80
    var                            shift and go to state 66

state 64

    (50) string_expression -> string_expression PLUS . string_expression
    (50) string_expression -> . string_expression PLUS string_expression
    (51) string_expression -> . STRING
    (52) string_expression -> . var
    (9) var -> . NAME

    STRING          shift and go to state 39
    NAME            shift and go to state 30

    string_expression              shift and go to state 81
    var                            shift and go to state 68

state 65

    (17) assignment -> INT_TYPE NAME ASSIGNMENT int_expression .
    (44) int_expression -> int_expression . PLUS int_expression
    (45) int_expression -> int_expression . MINUS int_expression
    (46) int_expression -> int_expression . MULTIPLY int_expression
    (47) int_expression -> int_expression . DIVIDE int_expression

    SEMICOLON       reduce using rule 17 (assignment -> INT_TYPE NAME ASSIGNMENT int_expression .)
    PLUS            shift and go to state 60
    MINUS           shift and go to state 61
    MULTIPLY        shift and go to state 62
    DIVIDE          shift and go to state 63


state 66

    (49) int_expression -> var .

    PLUS            reduce using rule 49 (int_expression -> var .)
    MINUS           reduce using rule 49 (int_expression -> var .)
    MULTIPLY        reduce using rule 49 (int_expression -> var .)
    DIVIDE          reduce using rule 49 (int_expression -> var .)
    SEMICOLON       reduce using rule 49 (int_expression -> var .)
    RB              reduce using rule 49 (int_expression -> var .)
    COMMA           reduce using rule 49 (int_expression -> var .)


state 67

    (18) assignment -> STRING_TYPE NAME ASSIGNMENT string_expression .
    (50) string_expression -> string_expression . PLUS string_expression

    SEMICOLON       reduce using rule 18 (assignment -> STRING_TYPE NAME ASSIGNMENT string_expression .)
    PLUS            shift and go to state 64


state 68

    (52) string_expression -> var .

    PLUS            reduce using rule 52 (string_expression -> var .)
    SEMICOLON       reduce using rule 52 (string_expression -> var .)
    RB              reduce using rule 52 (string_expression -> var .)
    COMMA           reduce using rule 52 (string_expression -> var .)


state 69

    (19) assignment -> CHARACTER_TYPE NAME ASSIGNMENT CHAR .

    SEMICOLON       reduce using rule 19 (assignment -> CHARACTER_TYPE NAME ASSIGNMENT CHAR .)


state 70

    (20) assignment -> BOOL_TYPE NAME ASSIGNMENT BOOL .

    SEMICOLON       reduce using rule 20 (assignment -> BOOL_TYPE NAME ASSIGNMENT BOOL .)


state 71

    (27) printstatement -> PRINT LB expression RB .

    SEMICOLON       reduce using rule 27 (printstatement -> PRINT LB expression RB .)


state 72

    (37) expression -> expression COMMA . expression
    (28) expression -> . var
    (29) expression -> . INT
    (30) expression -> . DOUBLE
    (31) expression -> . BOOL
    (32) expression -> . CHAR
    (33) expression -> . STRING
    (34) expression -> . double_expression
    (35) expression -> . int_expression
    (36) expression -> . string_expression
    (37) expression -> . expression COMMA expression
    (9) var -> . NAME
    (38) double_expression -> . double_expression PLUS double_expression
    (39) double_expression -> . double_expression MINUS double_expression
    (40) double_expression -> . double_expression MULTIPLY double_expression
    (41) double_expression -> . double_expression DIVIDE double_expression
    (42) double_expression -> . DOUBLE
    (43) double_expression -> . var
    (44) int_expression -> . int_expression PLUS int_expression
    (45) int_expression -> . int_expression MINUS int_expression
    (46) int_expression -> . int_expression MULTIPLY int_expression
    (47) int_expression -> . int_expression DIVIDE int_expression
    (48) int_expression -> . INT
    (49) int_expression -> . var
    (50) string_expression -> . string_expression PLUS string_expression
    (51) string_expression -> . STRING
    (52) string_expression -> . var

    INT             shift and go to state 46
    DOUBLE          shift and go to state 47
    BOOL            shift and go to state 48
    CHAR            shift and go to state 49
    STRING          shift and go to state 50
    NAME            shift and go to state 30

    expression                     shift and go to state 82
    var                            shift and go to state 45
    double_expression              shift and go to state 51
    int_expression                 shift and go to state 52
    string_expression              shift and go to state 53

state 73

    (38) double_expression -> double_expression PLUS double_expression .
    (38) double_expression -> double_expression . PLUS double_expression
    (39) double_expression -> double_expression . MINUS double_expression
    (40) double_expression -> double_expression . MULTIPLY double_expression
    (41) double_expression -> double_expression . DIVIDE double_expression

    PLUS            reduce using rule 38 (double_expression -> double_expression PLUS double_expression .)
    MINUS           reduce using rule 38 (double_expression -> double_expression PLUS double_expression .)
    SEMICOLON       reduce using rule 38 (double_expression -> double_expression PLUS double_expression .)
    RB              reduce using rule 38 (double_expression -> double_expression PLUS double_expression .)
    COMMA           reduce using rule 38 (double_expression -> double_expression PLUS double_expression .)
    MULTIPLY        shift and go to state 58
    DIVIDE          shift and go to state 59

  ! MULTIPLY        [ reduce using rule 38 (double_expression -> double_expression PLUS double_expression .) ]
  ! DIVIDE          [ reduce using rule 38 (double_expression -> double_expression PLUS double_expression .) ]
  ! PLUS            [ shift and go to state 56 ]
  ! MINUS           [ shift and go to state 57 ]


state 74

    (39) double_expression -> double_expression MINUS double_expression .
    (38) double_expression -> double_expression . PLUS double_expression
    (39) double_expression -> double_expression . MINUS double_expression
    (40) double_expression -> double_expression . MULTIPLY double_expression
    (41) double_expression -> double_expression . DIVIDE double_expression

    PLUS            reduce using rule 39 (double_expression -> double_expression MINUS double_expression .)
    MINUS           reduce using rule 39 (double_expression -> double_expression MINUS double_expression .)
    SEMICOLON       reduce using rule 39 (double_expression -> double_expression MINUS double_expression .)
    RB              reduce using rule 39 (double_expression -> double_expression MINUS double_expression .)
    COMMA           reduce using rule 39 (double_expression -> double_expression MINUS double_expression .)
    MULTIPLY        shift and go to state 58
    DIVIDE          shift and go to state 59

  ! MULTIPLY        [ reduce using rule 39 (double_expression -> double_expression MINUS double_expression .) ]
  ! DIVIDE          [ reduce using rule 39 (double_expression -> double_expression MINUS double_expression .) ]
  ! PLUS            [ shift and go to state 56 ]
  ! MINUS           [ shift and go to state 57 ]


state 75

    (40) double_expression -> double_expression MULTIPLY double_expression .
    (38) double_expression -> double_expression . PLUS double_expression
    (39) double_expression -> double_expression . MINUS double_expression
    (40) double_expression -> double_expression . MULTIPLY double_expression
    (41) double_expression -> double_expression . DIVIDE double_expression

    PLUS            reduce using rule 40 (double_expression -> double_expression MULTIPLY double_expression .)
    MINUS           reduce using rule 40 (double_expression -> double_expression MULTIPLY double_expression .)
    MULTIPLY        reduce using rule 40 (double_expression -> double_expression MULTIPLY double_expression .)
    DIVIDE          reduce using rule 40 (double_expression -> double_expression MULTIPLY double_expression .)
    SEMICOLON       reduce using rule 40 (double_expression -> double_expression MULTIPLY double_expression .)
    RB              reduce using rule 40 (double_expression -> double_expression MULTIPLY double_expression .)
    COMMA           reduce using rule 40 (double_expression -> double_expression MULTIPLY double_expression .)

  ! PLUS            [ shift and go to state 56 ]
  ! MINUS           [ shift and go to state 57 ]
  ! MULTIPLY        [ shift and go to state 58 ]
  ! DIVIDE          [ shift and go to state 59 ]


state 76

    (41) double_expression -> double_expression DIVIDE double_expression .
    (38) double_expression -> double_expression . PLUS double_expression
    (39) double_expression -> double_expression . MINUS double_expression
    (40) double_expression -> double_expression . MULTIPLY double_expression
    (41) double_expression -> double_expression . DIVIDE double_expression

    PLUS            reduce using rule 41 (double_expression -> double_expression DIVIDE double_expression .)
    MINUS           reduce using rule 41 (double_expression -> double_expression DIVIDE double_expression .)
    MULTIPLY        reduce using rule 41 (double_expression -> double_expression DIVIDE double_expression .)
    DIVIDE          reduce using rule 41 (double_expression -> double_expression DIVIDE double_expression .)
    SEMICOLON       reduce using rule 41 (double_expression -> double_expression DIVIDE double_expression .)
    RB              reduce using rule 41 (double_expression -> double_expression DIVIDE double_expression .)
    COMMA           reduce using rule 41 (double_expression -> double_expression DIVIDE double_expression .)

  ! PLUS            [ shift and go to state 56 ]
  ! MINUS           [ shift and go to state 57 ]
  ! MULTIPLY        [ shift and go to state 58 ]
  ! DIVIDE          [ shift and go to state 59 ]


state 77

    (44) int_expression -> int_expression PLUS int_expression .
    (44) int_expression -> int_expression . PLUS int_expression
    (45) int_expression -> int_expression . MINUS int_expression
    (46) int_expression -> int_expression . MULTIPLY int_expression
    (47) int_expression -> int_expression . DIVIDE int_expression

    PLUS            reduce using rule 44 (int_expression -> int_expression PLUS int_expression .)
    MINUS           reduce using rule 44 (int_expression -> int_expression PLUS int_expression .)
    SEMICOLON       reduce using rule 44 (int_expression -> int_expression PLUS int_expression .)
    RB              reduce using rule 44 (int_expression -> int_expression PLUS int_expression .)
    COMMA           reduce using rule 44 (int_expression -> int_expression PLUS int_expression .)
    MULTIPLY        shift and go to state 62
    DIVIDE          shift and go to state 63

  ! MULTIPLY        [ reduce using rule 44 (int_expression -> int_expression PLUS int_expression .) ]
  ! DIVIDE          [ reduce using rule 44 (int_expression -> int_expression PLUS int_expression .) ]
  ! PLUS            [ shift and go to state 60 ]
  ! MINUS           [ shift and go to state 61 ]


state 78

    (45) int_expression -> int_expression MINUS int_expression .
    (44) int_expression -> int_expression . PLUS int_expression
    (45) int_expression -> int_expression . MINUS int_expression
    (46) int_expression -> int_expression . MULTIPLY int_expression
    (47) int_expression -> int_expression . DIVIDE int_expression

    PLUS            reduce using rule 45 (int_expression -> int_expression MINUS int_expression .)
    MINUS           reduce using rule 45 (int_expression -> int_expression MINUS int_expression .)
    SEMICOLON       reduce using rule 45 (int_expression -> int_expression MINUS int_expression .)
    RB              reduce using rule 45 (int_expression -> int_expression MINUS int_expression .)
    COMMA           reduce using rule 45 (int_expression -> int_expression MINUS int_expression .)
    MULTIPLY        shift and go to state 62
    DIVIDE          shift and go to state 63

  ! MULTIPLY        [ reduce using rule 45 (int_expression -> int_expression MINUS int_expression .) ]
  ! DIVIDE          [ reduce using rule 45 (int_expression -> int_expression MINUS int_expression .) ]
  ! PLUS            [ shift and go to state 60 ]
  ! MINUS           [ shift and go to state 61 ]


state 79

    (46) int_expression -> int_expression MULTIPLY int_expression .
    (44) int_expression -> int_expression . PLUS int_expression
    (45) int_expression -> int_expression . MINUS int_expression
    (46) int_expression -> int_expression . MULTIPLY int_expression
    (47) int_expression -> int_expression . DIVIDE int_expression

    PLUS            reduce using rule 46 (int_expression -> int_expression MULTIPLY int_expression .)
    MINUS           reduce using rule 46 (int_expression -> int_expression MULTIPLY int_expression .)
    MULTIPLY        reduce using rule 46 (int_expression -> int_expression MULTIPLY int_expression .)
    DIVIDE          reduce using rule 46 (int_expression -> int_expression MULTIPLY int_expression .)
    SEMICOLON       reduce using rule 46 (int_expression -> int_expression MULTIPLY int_expression .)
    RB              reduce using rule 46 (int_expression -> int_expression MULTIPLY int_expression .)
    COMMA           reduce using rule 46 (int_expression -> int_expression MULTIPLY int_expression .)

  ! PLUS            [ shift and go to state 60 ]
  ! MINUS           [ shift and go to state 61 ]
  ! MULTIPLY        [ shift and go to state 62 ]
  ! DIVIDE          [ shift and go to state 63 ]


state 80

    (47) int_expression -> int_expression DIVIDE int_expression .
    (44) int_expression -> int_expression . PLUS int_expression
    (45) int_expression -> int_expression . MINUS int_expression
    (46) int_expression -> int_expression . MULTIPLY int_expression
    (47) int_expression -> int_expression . DIVIDE int_expression

    PLUS            reduce using rule 47 (int_expression -> int_expression DIVIDE int_expression .)
    MINUS           reduce using rule 47 (int_expression -> int_expression DIVIDE int_expression .)
    MULTIPLY        reduce using rule 47 (int_expression -> int_expression DIVIDE int_expression .)
    DIVIDE          reduce using rule 47 (int_expression -> int_expression DIVIDE int_expression .)
    SEMICOLON       reduce using rule 47 (int_expression -> int_expression DIVIDE int_expression .)
    RB              reduce using rule 47 (int_expression -> int_expression DIVIDE int_expression .)
    COMMA           reduce using rule 47 (int_expression -> int_expression DIVIDE int_expression .)

  ! PLUS            [ shift and go to state 60 ]
  ! MINUS           [ shift and go to state 61 ]
  ! MULTIPLY        [ shift and go to state 62 ]
  ! DIVIDE          [ shift and go to state 63 ]


state 81

    (50) string_expression -> string_expression PLUS string_expression .
    (50) string_expression -> string_expression . PLUS string_expression

    PLUS            reduce using rule 50 (string_expression -> string_expression PLUS string_expression .)
    SEMICOLON       reduce using rule 50 (string_expression -> string_expression PLUS string_expression .)
    RB              reduce using rule 50 (string_expression -> string_expression PLUS string_expression .)
    COMMA           reduce using rule 50 (string_expression -> string_expression PLUS string_expression .)

  ! PLUS            [ shift and go to state 64 ]


state 82

    (37) expression -> expression COMMA expression .
    (37) expression -> expression . COMMA expression

  ! shift/reduce conflict for COMMA resolved as shift
    RB              reduce using rule 37 (expression -> expression COMMA expression .)
    COMMA           shift and go to state 72

  ! COMMA           [ reduce using rule 37 (expression -> expression COMMA expression .) ]

WARNING: 
WARNING: Conflicts:
WARNING: 
WARNING: shift/reduce conflict for COMMA in state 82 resolved as shift
WARNING: reduce/reduce conflict in state 12 resolved using rule (declaration -> empty)
WARNING: rejected rule (assignment -> empty) in state 12
WARNING: reduce/reduce conflict in state 37 resolved using rule (double_expression -> var)
WARNING: rejected rule (int_expression -> var) in state 37
WARNING: reduce/reduce conflict in state 37 resolved using rule (double_expression -> var)
WARNING: rejected rule (string_expression -> var) in state 37
WARNING: reduce/reduce conflict in state 45 resolved using rule (expression -> var)
WARNING: rejected rule (double_expression -> var) in state 45
WARNING: reduce/reduce conflict in state 45 resolved using rule (double_expression -> var)
WARNING: rejected rule (int_expression -> var) in state 45
WARNING: reduce/reduce conflict in state 45 resolved using rule (expression -> var)
WARNING: rejected rule (int_expression -> var) in state 45
WARNING: reduce/reduce conflict in state 45 resolved using rule (double_expression -> var)
WARNING: rejected rule (string_expression -> var) in state 45
WARNING: reduce/reduce conflict in state 45 resolved using rule (expression -> var)
WARNING: rejected rule (string_expression -> var) in state 45
WARNING: reduce/reduce conflict in state 46 resolved using rule (expression -> INT)
WARNING: rejected rule (int_expression -> INT) in state 46
WARNING: reduce/reduce conflict in state 47 resolved using rule (expression -> DOUBLE)
WARNING: rejected rule (double_expression -> DOUBLE) in state 47
WARNING: reduce/reduce conflict in state 50 resolved using rule (expression -> STRING)
WARNING: rejected rule (string_expression -> STRING) in state 50
WARNING: Rule (assignment -> empty) is never reduced
